<?xml version="1.0" encoding="utf-8"?><testsuites><testsuite name="pytest" errors="0" failures="0" skipped="0" tests="2" time="0.107" timestamp="2023-03-22T17:42:34.892008" hostname="fv-az621-603"><testcase classname="tests.test_main" name="test_main" time="0.002" /><testcase classname="tests.test_main" name="test_add_ints" time="0.001" /></testsuite></testsuites>