<?xml version="1.0" encoding="utf-8"?><testsuites><testsuite name="pytest" errors="0" failures="0" skipped="0" tests="2" time="0.098" timestamp="2023-03-22T17:28:56.114198" hostname="fv-az936-860"><testcase classname="tests.test_main" name="test_main" time="0.002" /><testcase classname="tests.test_main" name="test_add_ints" time="0.001" /></testsuite></testsuites>