<?xml version="1.0" encoding="utf-8"?><testsuites><testsuite name="pytest" errors="0" failures="0" skipped="0" tests="2" time="0.098" timestamp="2023-03-22T17:04:37.603138" hostname="fv-az988-113"><testcase classname="tests.test_main" name="test_main" time="0.001" /><testcase classname="tests.test_main" name="test_add_ints" time="0.001" /></testsuite></testsuites>