<?xml version="1.0" encoding="utf-8"?><testsuites><testsuite name="pytest" errors="0" failures="0" skipped="0" tests="2" time="0.077" timestamp="2023-03-22T17:35:36.759866" hostname="fv-az404-550"><testcase classname="tests.test_main" name="test_main" time="0.001" /><testcase classname="tests.test_main" name="test_add_ints" time="0.001" /></testsuite></testsuites>