<?xml version="1.0" encoding="utf-8"?><testsuites><testsuite name="pytest" errors="0" failures="0" skipped="0" tests="2" time="0.076" timestamp="2023-03-22T17:05:48.687593" hostname="fv-az674-357"><testcase classname="tests.test_main" name="test_main" time="0.001" /><testcase classname="tests.test_main" name="test_add_ints" time="0.001" /></testsuite></testsuites>